0 info it worked if it ends with ok
1 verbose cli [ '/usr/local/bin/node',
1 verbose cli   '/usr/local/bin/npm',
1 verbose cli   'install',
1 verbose cli   'grunt-contrib-uglify',
1 verbose cli   '--save-dev' ]
2 info using npm@1.4.28
3 info using node@v0.10.33
4 verbose readDependencies using package.json deps
5 verbose cache add [ 'grunt-contrib-uglify', null ]
6 verbose cache add name=undefined spec="grunt-contrib-uglify" args=["grunt-contrib-uglify",null]
7 verbose parsed url { protocol: null,
7 verbose parsed url   slashes: null,
7 verbose parsed url   auth: null,
7 verbose parsed url   host: null,
7 verbose parsed url   port: null,
7 verbose parsed url   hostname: null,
7 verbose parsed url   hash: null,
7 verbose parsed url   search: null,
7 verbose parsed url   query: null,
7 verbose parsed url   pathname: 'grunt-contrib-uglify',
7 verbose parsed url   path: 'grunt-contrib-uglify',
7 verbose parsed url   href: 'grunt-contrib-uglify' }
8 silly lockFile 9dabf0fb-grunt-contrib-uglify grunt-contrib-uglify
9 verbose lock grunt-contrib-uglify /Users/jholder/.npm/9dabf0fb-grunt-contrib-uglify.lock
10 silly lockFile 9dabf0fb-grunt-contrib-uglify grunt-contrib-uglify
11 silly lockFile 9dabf0fb-grunt-contrib-uglify grunt-contrib-uglify
12 verbose addNamed [ 'grunt-contrib-uglify', '' ]
13 verbose addNamed [ null, '*' ]
14 silly lockFile 1f4692e4-grunt-contrib-uglify grunt-contrib-uglify@
15 verbose lock grunt-contrib-uglify@ /Users/jholder/.npm/1f4692e4-grunt-contrib-uglify.lock
16 silly addNameRange { name: 'grunt-contrib-uglify', range: '*', hasData: false }
17 verbose request where is /grunt-contrib-uglify
18 verbose request registry https://registry.npmjs.org/
19 verbose request id bab7483f6a0b877f
20 verbose url raw /grunt-contrib-uglify
21 verbose url resolving [ 'https://registry.npmjs.org/', './grunt-contrib-uglify' ]
22 verbose url resolved https://registry.npmjs.org/grunt-contrib-uglify
23 verbose request where is https://registry.npmjs.org/grunt-contrib-uglify
24 info trying registry request attempt 1 at 14:58:30
25 verbose etag "8K2R6F9AE4ZHIQKQPCN3ZCR1F"
26 http GET https://registry.npmjs.org/grunt-contrib-uglify
27 http 200 https://registry.npmjs.org/grunt-contrib-uglify
28 silly registry.get cb [ 200,
28 silly registry.get   { server: 'CouchDB/1.5.0 (Erlang OTP/R16B03)',
28 silly registry.get     etag: '"5AN2566H272KR6JUNT09LVDRI"',
28 silly registry.get     'content-type': 'application/json',
28 silly registry.get     'cache-control': 'max-age=60',
28 silly registry.get     'content-length': '65862',
28 silly registry.get     'accept-ranges': 'bytes',
28 silly registry.get     date: 'Wed, 22 Jul 2015 13:58:30 GMT',
28 silly registry.get     via: '1.1 varnish',
28 silly registry.get     age: '11',
28 silly registry.get     connection: 'keep-alive',
28 silly registry.get     'x-served-by': 'cache-lhr6330-LHR',
28 silly registry.get     'x-cache': 'HIT',
28 silly registry.get     'x-cache-hits': '1',
28 silly registry.get     'x-timer': 'S1437573510.640879,VS0,VE2',
28 silly registry.get     vary: 'Accept' } ]
29 silly addNameRange number 2 { name: 'grunt-contrib-uglify', range: '*', hasData: true }
30 silly addNameRange versions [ 'grunt-contrib-uglify',
30 silly addNameRange   [ '0.1.0',
30 silly addNameRange     '0.1.1',
30 silly addNameRange     '0.1.2',
30 silly addNameRange     '0.2.0',
30 silly addNameRange     '0.2.1',
30 silly addNameRange     '0.2.2',
30 silly addNameRange     '0.2.3',
30 silly addNameRange     '0.2.4',
30 silly addNameRange     '0.2.5',
30 silly addNameRange     '0.2.6',
30 silly addNameRange     '0.2.7',
30 silly addNameRange     '0.3.0',
30 silly addNameRange     '0.3.1',
30 silly addNameRange     '0.1.1-rc5',
30 silly addNameRange     '0.1.1-rc6',
30 silly addNameRange     '0.3.2',
30 silly addNameRange     '0.3.3',
30 silly addNameRange     '0.4.0',
30 silly addNameRange     '0.5.0',
30 silly addNameRange     '0.4.1',
30 silly addNameRange     '0.5.1',
30 silly addNameRange     '0.6.0',
30 silly addNameRange     '0.7.0',
30 silly addNameRange     '0.8.0',
30 silly addNameRange     '0.8.1',
30 silly addNameRange     '0.9.0',
30 silly addNameRange     '0.9.1' ] ]
31 verbose addNamed [ 'grunt-contrib-uglify', '0.9.1' ]
32 verbose addNamed [ '0.9.1', '0.9.1' ]
33 silly lockFile 59c70bbc-grunt-contrib-uglify-0-9-1 grunt-contrib-uglify@0.9.1
34 verbose lock grunt-contrib-uglify@0.9.1 /Users/jholder/.npm/59c70bbc-grunt-contrib-uglify-0-9-1.lock
35 silly lockFile 6cc09e86-y-grunt-contrib-uglify-0-9-1-tgz https://registry.npmjs.org/grunt-contrib-uglify/-/grunt-contrib-uglify-0.9.1.tgz
36 verbose lock https://registry.npmjs.org/grunt-contrib-uglify/-/grunt-contrib-uglify-0.9.1.tgz /Users/jholder/.npm/6cc09e86-y-grunt-contrib-uglify-0-9-1-tgz.lock
37 verbose addRemoteTarball [ 'https://registry.npmjs.org/grunt-contrib-uglify/-/grunt-contrib-uglify-0.9.1.tgz',
37 verbose addRemoteTarball   '1eb8420009f15ed1a97368077479ab25ded28d1b' ]
38 info retry fetch attempt 1 at 14:58:30
39 verbose fetch to= /var/folders/jj/qljmmz7j1cj1f79fg7xfxqcc0000gp/T/npm-28457-3UazJBGd/registry.npmjs.org/grunt-contrib-uglify/-/grunt-contrib-uglify-0.9.1.tgz
40 http GET https://registry.npmjs.org/grunt-contrib-uglify/-/grunt-contrib-uglify-0.9.1.tgz
41 http 200 https://registry.npmjs.org/grunt-contrib-uglify/-/grunt-contrib-uglify-0.9.1.tgz
42 silly lockFile 6cc09e86-y-grunt-contrib-uglify-0-9-1-tgz https://registry.npmjs.org/grunt-contrib-uglify/-/grunt-contrib-uglify-0.9.1.tgz
43 silly lockFile 6cc09e86-y-grunt-contrib-uglify-0-9-1-tgz https://registry.npmjs.org/grunt-contrib-uglify/-/grunt-contrib-uglify-0.9.1.tgz
44 silly lockFile 59c70bbc-grunt-contrib-uglify-0-9-1 grunt-contrib-uglify@0.9.1
45 silly lockFile 59c70bbc-grunt-contrib-uglify-0-9-1 grunt-contrib-uglify@0.9.1
46 silly lockFile 1f4692e4-grunt-contrib-uglify grunt-contrib-uglify@
47 silly lockFile 1f4692e4-grunt-contrib-uglify grunt-contrib-uglify@
48 error Error: EACCES, mkdir '/Users/jholder/.npm/grunt-contrib-uglify/0.9.1'
48 error  { [Error: EACCES, mkdir '/Users/jholder/.npm/grunt-contrib-uglify/0.9.1']
48 error   errno: 3,
48 error   code: 'EACCES',
48 error   path: '/Users/jholder/.npm/grunt-contrib-uglify/0.9.1',
48 error   parent: 'table-builder' }
49 error Please try running this command again as root/Administrator.
50 error System Darwin 14.4.0
51 error command "/usr/local/bin/node" "/usr/local/bin/npm" "install" "grunt-contrib-uglify" "--save-dev"
52 error cwd /Users/jholder/Projects/Interactives/table-builder
53 error node -v v0.10.33
54 error npm -v 1.4.28
55 error path /Users/jholder/.npm/grunt-contrib-uglify/0.9.1
56 error code EACCES
57 error errno 3
58 error stack Error: EACCES, mkdir '/Users/jholder/.npm/grunt-contrib-uglify/0.9.1'
59 verbose exit [ 3, true ]
